                                                                  QUERY PLAN                                                                  
----------------------------------------------------------------------------------------------------------------------------------------------
 [                                                                                                                                           +
   {                                                                                                                                         +
     "Plan": {                                                                                                                               +
       "Node Type": "Seq Scan",                                                                                                              +
       "Parallel Aware": false,                                                                                                              +
       "Async Capable": false,                                                                                                               +
       "Relation Name": "users_1k",                                                                                                          +
       "Alias": "users_1k",                                                                                                                  +
       "Startup Cost": 0.00,                                                                                                                 +
       "Total Cost": 291.50,                                                                                                                 +
       "Plan Rows": 96,                                                                                                                      +
       "Plan Width": 39,                                                                                                                     +
       "Actual Startup Time": 0.043,                                                                                                         +
       "Actual Total Time": 8.845,                                                                                                           +
       "Actual Rows": 100,                                                                                                                   +
       "Actual Loops": 1,                                                                                                                    +
       "Filter": "(event_message_tsv @@ to_tsquery('User1 | User2 | User3 | User4 | User5 | User6 | User7 | User8 | User9 | User10'::text))",+
       "Rows Removed by Filter": 900                                                                                                         +
     },                                                                                                                                      +
     "Planning Time": 0.527,                                                                                                                 +
     "Triggers": [                                                                                                                           +
     ],                                                                                                                                      +
     "Execution Time": 9.365                                                                                                                 +
   }                                                                                                                                         +
 ]
(1 row)

                                                                    QUERY PLAN                                                                    
--------------------------------------------------------------------------------------------------------------------------------------------------
 [                                                                                                                                               +
   {                                                                                                                                             +
     "Plan": {                                                                                                                                   +
       "Node Type": "Gather",                                                                                                                    +
       "Parallel Aware": false,                                                                                                                  +
       "Async Capable": false,                                                                                                                   +
       "Startup Cost": 1000.00,                                                                                                                  +
       "Total Cost": 148514.00,                                                                                                                  +
       "Plan Rows": 96380,                                                                                                                       +
       "Plan Width": 41,                                                                                                                         +
       "Actual Startup Time": 18.998,                                                                                                            +
       "Actual Total Time": 3001.668,                                                                                                            +
       "Actual Rows": 100000,                                                                                                                    +
       "Actual Loops": 1,                                                                                                                        +
       "Workers Planned": 2,                                                                                                                     +
       "Workers Launched": 2,                                                                                                                    +
       "Single Copy": false,                                                                                                                     +
       "Plans": [                                                                                                                                +
         {                                                                                                                                       +
           "Node Type": "Seq Scan",                                                                                                              +
           "Parent Relationship": "Outer",                                                                                                       +
           "Parallel Aware": true,                                                                                                               +
           "Async Capable": false,                                                                                                               +
           "Relation Name": "users_1m",                                                                                                          +
           "Alias": "users_1m",                                                                                                                  +
           "Startup Cost": 0.00,                                                                                                                 +
           "Total Cost": 137876.00,                                                                                                              +
           "Plan Rows": 40158,                                                                                                                   +
           "Plan Width": 41,                                                                                                                     +
           "Actual Startup Time": 8.817,                                                                                                         +
           "Actual Total Time": 2958.209,                                                                                                        +
           "Actual Rows": 33333,                                                                                                                 +
           "Actual Loops": 3,                                                                                                                    +
           "Filter": "(event_message_tsv @@ to_tsquery('User1 | User2 | User3 | User4 | User5 | User6 | User7 | User8 | User9 | User10'::text))",+
           "Rows Removed by Filter": 300000,                                                                                                     +
           "Workers": [                                                                                                                          +
           ]                                                                                                                                     +
         }                                                                                                                                       +
       ]                                                                                                                                         +
     },                                                                                                                                          +
     "Planning Time": 0.334,                                                                                                                     +
     "Triggers": [                                                                                                                               +
     ],                                                                                                                                          +
     "JIT": {                                                                                                                                    +
       "Functions": 12,                                                                                                                          +
       "Options": {                                                                                                                              +
         "Inlining": false,                                                                                                                      +
         "Optimization": false,                                                                                                                  +
         "Expressions": true,                                                                                                                    +
         "Deforming": true                                                                                                                       +
       },                                                                                                                                        +
       "Timing": {                                                                                                                               +
         "Generation": 0.862,                                                                                                                    +
         "Inlining": 0.000,                                                                                                                      +
         "Optimization": 0.613,                                                                                                                  +
         "Emission": 9.980,                                                                                                                      +
         "Total": 11.456                                                                                                                         +
       }                                                                                                                                         +
     },                                                                                                                                          +
     "Execution Time": 3476.728                                                                                                                  +
   }                                                                                                                                             +
 ]
(1 row)

