[
  {
    "Plan": {
      "Node Type": "Bitmap Heap Scan",
      "Parallel Aware": false,
      "Async Capable": false,
      "Relation Name": "users_gin_1k",
      "Alias": "users_gin_1k",
      "Startup Cost": 8.84,
      "Total Cost": 32.42,
      "Plan Rows": 10,
      "Plan Width": 39,
      "Actual Startup Time": 0.088,
      "Actual Total Time": 0.268,
      "Actual Rows": 10,
      "Actual Loops": 1,
      "Recheck Cond": "(event_message_tsv @@ to_tsquery('User1'::text))",
      "Rows Removed by Index Recheck": 0,
      "Exact Heap Blocks": 10,
      "Lossy Heap Blocks": 0,
      "Plans": [
        {
          "Node Type": "Bitmap Index Scan",
          "Parent Relationship": "Outer",
          "Parallel Aware": false,
          "Async Capable": false,
          "Index Name": "users_gin_1k_event_message_tsv_idx",
          "Startup Cost": 0,
          "Total Cost": 8.84,
          "Plan Rows": 10,
          "Plan Width": 0,
          "Actual Startup Time": 0.04,
          "Actual Total Time": 0.045,
          "Actual Rows": 10,
          "Actual Loops": 1,
          "Index Cond": "(event_message_tsv @@ to_tsquery('User1'::text))"
        }
      ]
    },
    "Planning Time": 0.93,
    "Triggers": [],
    "Execution Time": 0.375
  },
  {
    "Plan": {
      "Node Type": "Bitmap Heap Scan",
      "Parallel Aware": false,
      "Async Capable": false,
      "Relation Name": "users_gin_1k",
      "Alias": "users_gin_1k",
      "Startup Cost": 17.77,
      "Total Cost": 55.82,
      "Plan Rows": 30,
      "Plan Width": 39,
      "Actual Startup Time": 0.078,
      "Actual Total Time": 0.282,
      "Actual Rows": 30,
      "Actual Loops": 1,
      "Recheck Cond": "(event_message_tsv @@ to_tsquery('User1 | User2 | User3'::text))",
      "Rows Removed by Index Recheck": 0,
      "Exact Heap Blocks": 10,
      "Lossy Heap Blocks": 0,
      "Plans": [
        {
          "Node Type": "Bitmap Index Scan",
          "Parent Relationship": "Outer",
          "Parallel Aware": false,
          "Async Capable": false,
          "Index Name": "users_gin_1k_event_message_tsv_idx",
          "Startup Cost": 0,
          "Total Cost": 17.76,
          "Plan Rows": 30,
          "Plan Width": 0,
          "Actual Startup Time": 0.06,
          "Actual Total Time": 0.064,
          "Actual Rows": 30,
          "Actual Loops": 1,
          "Index Cond": "(event_message_tsv @@ to_tsquery('User1 | User2 | User3'::text))"
        }
      ]
    },
    "Planning Time": 0.087,
    "Triggers": [],
    "Execution Time": 0.58
  },
  {
    "Plan": {
      "Node Type": "Bitmap Heap Scan",
      "Parallel Aware": false,
      "Async Capable": false,
      "Relation Name": "users_gin_1k",
      "Alias": "users_gin_1k",
      "Startup Cost": 49,
      "Total Cost": 103.2,
      "Plan Rows": 96,
      "Plan Width": 39,
      "Actual Startup Time": 0.065,
      "Actual Total Time": 0.662,
      "Actual Rows": 100,
      "Actual Loops": 1,
      "Recheck Cond": "(event_message_tsv @@ to_tsquery('User1 | User2 | User3 | User4 | User5 | User6 | User7 | User8 | User9 | User10'::text))",
      "Rows Removed by Index Recheck": 0,
      "Exact Heap Blocks": 12,
      "Lossy Heap Blocks": 0,
      "Plans": [
        {
          "Node Type": "Bitmap Index Scan",
          "Parent Relationship": "Outer",
          "Parallel Aware": false,
          "Async Capable": false,
          "Index Name": "users_gin_1k_event_message_tsv_idx",
          "Startup Cost": 0,
          "Total Cost": 48.98,
          "Plan Rows": 96,
          "Plan Width": 0,
          "Actual Startup Time": 0.052,
          "Actual Total Time": 0.057,
          "Actual Rows": 100,
          "Actual Loops": 1,
          "Index Cond": "(event_message_tsv @@ to_tsquery('User1 | User2 | User3 | User4 | User5 | User6 | User7 | User8 | User9 | User10'::text))"
        }
      ]
    },
    "Planning Time": 0.058,
    "Triggers": [],
    "Execution Time": 1.115
  },
  {
    "Plan": {
      "Node Type": "Bitmap Heap Scan",
      "Parallel Aware": false,
      "Async Capable": false,
      "Relation Name": "users_gin_1k",
      "Alias": "users_gin_1k",
      "Startup Cost": 93.58,
      "Total Cost": 170.36,
      "Plan Rows": 182,
      "Plan Width": 39,
      "Actual Startup Time": 0.157,
      "Actual Total Time": 1.175,
      "Actual Rows": 200,
      "Actual Loops": 1,
      "Recheck Cond": "(event_message_tsv @@ to_tsquery('User1 | User2 | User3 | User4 | User5 | User6 | User7 | User8 | User9 | User10 | User11 | User12 | User13 | User14 | User15 | User16 | User17 | User18 | User19 | User20'::text))",
      "Rows Removed by Index Recheck": 0,
      "Exact Heap Blocks": 14,
      "Lossy Heap Blocks": 0,
      "Plans": [
        {
          "Node Type": "Bitmap Index Scan",
          "Parent Relationship": "Outer",
          "Parallel Aware": false,
          "Async Capable": false,
          "Index Name": "users_gin_1k_event_message_tsv_idx",
          "Startup Cost": 0,
          "Total Cost": 93.54,
          "Plan Rows": 182,
          "Plan Width": 0,
          "Actual Startup Time": 0.139,
          "Actual Total Time": 0.143,
          "Actual Rows": 200,
          "Actual Loops": 1,
          "Index Cond": "(event_message_tsv @@ to_tsquery('User1 | User2 | User3 | User4 | User5 | User6 | User7 | User8 | User9 | User10 | User11 | User12 | User13 | User14 | User15 | User16 | User17 | User18 | User19 | User20'::text))"
        }
      ]
    },
    "Planning Time": 0.084,
    "Triggers": [],
    "Execution Time": 2.188
  }
]
